<?xml version="1.0" encoding="UTF-8"?>
<testng-results ignored="0" total="5" passed="2" failed="1" skipped="2">
  <reporter-output>
  </reporter-output>
  <suite started-at="2024-02-11T20:29:18 CET" name="Surefire suite" finished-at="2024-02-11T20:29:50 CET" duration-ms="31325">
    <groups>
    </groups>
    <test started-at="2024-02-11T20:29:18 CET" name="Surefire test" finished-at="2024-02-11T20:29:50 CET" duration-ms="31325">
      <class name="tests.TestFinalizeBooking">
        <test-method is-config="true" signature="setUp()[pri:0, instance:tests.TestFinalizeBooking@50a7bc6e]" started-at="2024-02-11T20:29:18 CET" name="setUp" finished-at="2024-02-11T20:29:22 CET" duration-ms="3365" status="PASS">
          <reporter-output>
          </reporter-output>
        </test-method> <!-- setUp -->
        <test-method signature="turnOffTranslation()[pri:0, instance:tests.TestFinalizeBooking@50a7bc6e]" started-at="2024-02-11T20:29:22 CET" name="turnOffTranslation" finished-at="2024-02-11T20:29:34 CET" duration-ms="11940" status="PASS">
          <reporter-output>
          </reporter-output>
        </test-method> <!-- turnOffTranslation -->
        <test-method signature="submitSearchData(java.lang.String,java.lang.String,java.lang.String,java.lang.String,int,int,int,int)[pri:0, instance:tests.TestFinalizeBooking@50a7bc6e]" started-at="2024-02-11T20:29:34 CET" name="submitSearchData" data-provider="destinationData" finished-at="2024-02-11T20:29:38 CET" depends-on-methods="tests.TestFinalizeBooking.turnOffTranslation" duration-ms="4297" status="PASS">
          <params>
            <param index="0">
              <value>
                <![CDATA[Bangkok]]>
              </value>
            </param>
            <param index="1">
              <value>
                <![CDATA[Thailand]]>
              </value>
            </param>
            <param index="2">
              <value>
                <![CDATA[02/24/2024]]>
              </value>
            </param>
            <param index="3">
              <value>
                <![CDATA[03/13/2024]]>
              </value>
            </param>
            <param index="4">
              <value>
                <![CDATA[2]]>
              </value>
            </param>
            <param index="5">
              <value>
                <![CDATA[5]]>
              </value>
            </param>
            <param index="6">
              <value>
                <![CDATA[2]]>
              </value>
            </param>
            <param index="7">
              <value>
                <![CDATA[0]]>
              </value>
            </param>
          </params>
          <reporter-output>
          </reporter-output>
        </test-method> <!-- submitSearchData -->
        <test-method signature="selectStay(java.lang.String,java.lang.String,java.lang.String,java.lang.String,int,int,int,int)[pri:0, instance:tests.TestFinalizeBooking@50a7bc6e]" started-at="2024-02-11T20:29:38 CET" name="selectStay" data-provider="destinationData" finished-at="2024-02-11T20:29:50 CET" depends-on-methods="tests.TestFinalizeBooking.submitSearchData" duration-ms="11561" status="FAIL">
          <params>
            <param index="0">
              <value>
                <![CDATA[Bangkok]]>
              </value>
            </param>
            <param index="1">
              <value>
                <![CDATA[Thailand]]>
              </value>
            </param>
            <param index="2">
              <value>
                <![CDATA[02/24/2024]]>
              </value>
            </param>
            <param index="3">
              <value>
                <![CDATA[03/13/2024]]>
              </value>
            </param>
            <param index="4">
              <value>
                <![CDATA[2]]>
              </value>
            </param>
            <param index="5">
              <value>
                <![CDATA[5]]>
              </value>
            </param>
            <param index="6">
              <value>
                <![CDATA[2]]>
              </value>
            </param>
            <param index="7">
              <value>
                <![CDATA[0]]>
              </value>
            </param>
          </params>
          <exception class="org.openqa.selenium.TimeoutException">
            <message>
              <![CDATA[Expected condition failed: waiting for visibility of element located by By.xpath: //button[@data-testid="homes-pdp-cta-btn"] (tried for 10 second(s) with 500 milliseconds interval)
Build info: version: '4.17.0', revision: 'e52b1be057*'
System info: os.name: 'Mac OS X', os.arch: 'aarch64', os.version: '14.3.1', java.version: '21.0.2'
Driver info: org.openqa.selenium.chrome.ChromeDriver
Capabilities {acceptInsecureCerts: false, browserName: chrome, browserVersion: 121.0.6167.160, chrome: {chromedriverVersion: 121.0.6167.85 (3f98d690ad7e..., userDataDir: /var/folders/9n/kx57t9ps00g...}, fedcm:accounts: true, goog:chromeOptions: {debuggerAddress: localhost:56317}, networkConnectionEnabled: false, pageLoadStrategy: normal, platformName: mac, proxy: Proxy(), se:cdp: ws://localhost:56317/devtoo..., se:cdpVersion: 121.0.6167.160, setWindowRect: true, strictFileInteractability: false, timeouts: {implicit: 0, pageLoad: 300000, script: 30000}, unhandledPromptBehavior: dismiss and notify, webauthn:extension:credBlob: true, webauthn:extension:largeBlob: true, webauthn:extension:minPinLength: true, webauthn:extension:prf: true, webauthn:virtualAuthenticators: true}
Session ID: 6200ace43053b8b56fc835c7ae4477e6]]>
            </message>
            <full-stacktrace>
              <![CDATA[org.openqa.selenium.TimeoutException: Expected condition failed: waiting for visibility of element located by By.xpath: //button[@data-testid="homes-pdp-cta-btn"] (tried for 10 second(s) with 500 milliseconds interval)
Build info: version: '4.17.0', revision: 'e52b1be057*'
System info: os.name: 'Mac OS X', os.arch: 'aarch64', os.version: '14.3.1', java.version: '21.0.2'
Driver info: org.openqa.selenium.chrome.ChromeDriver
Capabilities {acceptInsecureCerts: false, browserName: chrome, browserVersion: 121.0.6167.160, chrome: {chromedriverVersion: 121.0.6167.85 (3f98d690ad7e..., userDataDir: /var/folders/9n/kx57t9ps00g...}, fedcm:accounts: true, goog:chromeOptions: {debuggerAddress: localhost:56317}, networkConnectionEnabled: false, pageLoadStrategy: normal, platformName: mac, proxy: Proxy(), se:cdp: ws://localhost:56317/devtoo..., se:cdpVersion: 121.0.6167.160, setWindowRect: true, strictFileInteractability: false, timeouts: {implicit: 0, pageLoad: 300000, script: 30000}, unhandledPromptBehavior: dismiss and notify, webauthn:extension:credBlob: true, webauthn:extension:largeBlob: true, webauthn:extension:minPinLength: true, webauthn:extension:prf: true, webauthn:virtualAuthenticators: true}
Session ID: 6200ace43053b8b56fc835c7ae4477e6
at org.openqa.selenium.support.ui.WebDriverWait.timeoutException(WebDriverWait.java:84)
at org.openqa.selenium.support.ui.FluentWait.until(FluentWait.java:228)
at commons.Action.waitForElement(Action.java:65)
at commons.Action.getElements(Action.java:37)
at pages.SearchDestination.reserveStay(SearchDestination.java:157)
at tests.TestFinalizeBooking.selectStay(TestFinalizeBooking.java:43)
at java.base/jdk.internal.reflect.DirectMethodHandleAccessor.invoke(DirectMethodHandleAccessor.java:103)
at java.base/java.lang.reflect.Method.invoke(Method.java:580)
at org.testng.internal.invokers.MethodInvocationHelper.invokeMethod(MethodInvocationHelper.java:139)
at org.testng.internal.invokers.TestInvoker.invokeMethod(TestInvoker.java:664)
at org.testng.internal.invokers.TestInvoker.invokeTestMethod(TestInvoker.java:228)
at org.testng.internal.invokers.MethodRunner.runInSequence(MethodRunner.java:63)
at org.testng.internal.invokers.TestInvoker$MethodInvocationAgent.invoke(TestInvoker.java:961)
at org.testng.internal.invokers.TestInvoker.invokeTestMethods(TestInvoker.java:201)
at org.testng.internal.invokers.TestMethodWorker.invokeTestMethods(TestMethodWorker.java:148)
at org.testng.internal.invokers.TestMethodWorker.run(TestMethodWorker.java:128)
at java.base/java.util.ArrayList.forEach(ArrayList.java:1596)
at org.testng.TestRunner.privateRun(TestRunner.java:819)
at org.testng.TestRunner.run(TestRunner.java:619)
at org.testng.SuiteRunner.runTest(SuiteRunner.java:443)
at org.testng.SuiteRunner.runSequentially(SuiteRunner.java:437)
at org.testng.SuiteRunner.privateRun(SuiteRunner.java:397)
at org.testng.SuiteRunner.run(SuiteRunner.java:336)
at org.testng.SuiteRunnerWorker.runSuite(SuiteRunnerWorker.java:52)
at org.testng.SuiteRunnerWorker.run(SuiteRunnerWorker.java:95)
at org.testng.TestNG.runSuitesSequentially(TestNG.java:1301)
at org.testng.TestNG.runSuitesLocally(TestNG.java:1228)
at org.testng.TestNG.runSuites(TestNG.java:1134)
at org.testng.TestNG.run(TestNG.java:1101)
at org.apache.maven.surefire.testng.TestNGExecutor.run(TestNGExecutor.java:155)
at org.apache.maven.surefire.testng.TestNGDirectoryTestSuite.executeSingleClass(TestNGDirectoryTestSuite.java:102)
at org.apache.maven.surefire.testng.TestNGDirectoryTestSuite.execute(TestNGDirectoryTestSuite.java:91)
at org.apache.maven.surefire.testng.TestNGProvider.invoke(TestNGProvider.java:137)
at org.apache.maven.surefire.booter.ForkedBooter.runSuitesInProcess(ForkedBooter.java:385)
at org.apache.maven.surefire.booter.ForkedBooter.execute(ForkedBooter.java:162)
at org.apache.maven.surefire.booter.ForkedBooter.run(ForkedBooter.java:507)
at org.apache.maven.surefire.booter.ForkedBooter.main(ForkedBooter.java:495)
]]>
            </full-stacktrace>
          </exception> <!-- org.openqa.selenium.TimeoutException -->
          <reporter-output>
          </reporter-output>
        </test-method> <!-- selectStay -->
        <test-method signature="phoneNumberFieldMandatory()[pri:0, instance:tests.TestFinalizeBooking@50a7bc6e]" started-at="2024-02-11T20:29:50 CET" name="phoneNumberFieldMandatory" finished-at="2024-02-11T20:29:50 CET" depends-on-methods="tests.TestFinalizeBooking.submitBookingWithoutFillingInMandatoryFields" duration-ms="1" status="SKIP">
          <exception class="java.lang.Throwable">
            <message>
              <![CDATA[Method tests.TestFinalizeBooking.phoneNumberFieldMandatory() on instance tests.TestFinalizeBooking@50a7bc6e depends on not successfully finished methods 
[tests.TestFinalizeBooking.submitBookingWithoutFillingInMandatoryFields() on instance tests.TestFinalizeBooking@50a7bc6e]]]>
            </message>
            <full-stacktrace>
              <![CDATA[java.lang.Throwable: Method tests.TestFinalizeBooking.phoneNumberFieldMandatory() on instance tests.TestFinalizeBooking@50a7bc6e depends on not successfully finished methods 
[tests.TestFinalizeBooking.submitBookingWithoutFillingInMandatoryFields() on instance tests.TestFinalizeBooking@50a7bc6e]
at org.testng.internal.invokers.TestInvoker.invokeTestMethods(TestInvoker.java:157)
at org.testng.internal.invokers.TestMethodWorker.invokeTestMethods(TestMethodWorker.java:148)
at org.testng.internal.invokers.TestMethodWorker.run(TestMethodWorker.java:128)
at java.base/java.util.ArrayList.forEach(ArrayList.java:1596)
at org.testng.TestRunner.privateRun(TestRunner.java:819)
at org.testng.TestRunner.run(TestRunner.java:619)
at org.testng.SuiteRunner.runTest(SuiteRunner.java:443)
at org.testng.SuiteRunner.runSequentially(SuiteRunner.java:437)
at org.testng.SuiteRunner.privateRun(SuiteRunner.java:397)
at org.testng.SuiteRunner.run(SuiteRunner.java:336)
at org.testng.SuiteRunnerWorker.runSuite(SuiteRunnerWorker.java:52)
at org.testng.SuiteRunnerWorker.run(SuiteRunnerWorker.java:95)
at org.testng.TestNG.runSuitesSequentially(TestNG.java:1301)
at org.testng.TestNG.runSuitesLocally(TestNG.java:1228)
at org.testng.TestNG.runSuites(TestNG.java:1134)
at org.testng.TestNG.run(TestNG.java:1101)
at org.apache.maven.surefire.testng.TestNGExecutor.run(TestNGExecutor.java:155)
at org.apache.maven.surefire.testng.TestNGDirectoryTestSuite.executeSingleClass(TestNGDirectoryTestSuite.java:102)
at org.apache.maven.surefire.testng.TestNGDirectoryTestSuite.execute(TestNGDirectoryTestSuite.java:91)
at org.apache.maven.surefire.testng.TestNGProvider.invoke(TestNGProvider.java:137)
at org.apache.maven.surefire.booter.ForkedBooter.runSuitesInProcess(ForkedBooter.java:385)
at org.apache.maven.surefire.booter.ForkedBooter.execute(ForkedBooter.java:162)
at org.apache.maven.surefire.booter.ForkedBooter.run(ForkedBooter.java:507)
at org.apache.maven.surefire.booter.ForkedBooter.main(ForkedBooter.java:495)
]]>
            </full-stacktrace>
          </exception> <!-- java.lang.Throwable -->
          <reporter-output>
          </reporter-output>
        </test-method> <!-- phoneNumberFieldMandatory -->
        <test-method signature="submitBookingWithoutFillingInMandatoryFields(java.lang.String,java.lang.String,java.lang.String,java.lang.String,int,int,int,int)[pri:0, instance:tests.TestFinalizeBooking@50a7bc6e]" started-at="2024-02-11T20:29:50 CET" name="submitBookingWithoutFillingInMandatoryFields" finished-at="2024-02-11T20:29:50 CET" depends-on-methods="tests.TestFinalizeBooking.selectStay" duration-ms="0" status="SKIP">
          <exception class="java.lang.Throwable">
            <message>
              <![CDATA[Method tests.TestFinalizeBooking.submitBookingWithoutFillingInMandatoryFields() on instance tests.TestFinalizeBooking@50a7bc6e depends on not successfully finished methods 
[tests.TestFinalizeBooking.selectStay() on instance tests.TestFinalizeBooking@50a7bc6e]]]>
            </message>
            <full-stacktrace>
              <![CDATA[java.lang.Throwable: Method tests.TestFinalizeBooking.submitBookingWithoutFillingInMandatoryFields() on instance tests.TestFinalizeBooking@50a7bc6e depends on not successfully finished methods 
[tests.TestFinalizeBooking.selectStay() on instance tests.TestFinalizeBooking@50a7bc6e]
at org.testng.internal.invokers.TestInvoker.invokeTestMethods(TestInvoker.java:157)
at org.testng.internal.invokers.TestMethodWorker.invokeTestMethods(TestMethodWorker.java:148)
at org.testng.internal.invokers.TestMethodWorker.run(TestMethodWorker.java:128)
at java.base/java.util.ArrayList.forEach(ArrayList.java:1596)
at org.testng.TestRunner.privateRun(TestRunner.java:819)
at org.testng.TestRunner.run(TestRunner.java:619)
at org.testng.SuiteRunner.runTest(SuiteRunner.java:443)
at org.testng.SuiteRunner.runSequentially(SuiteRunner.java:437)
at org.testng.SuiteRunner.privateRun(SuiteRunner.java:397)
at org.testng.SuiteRunner.run(SuiteRunner.java:336)
at org.testng.SuiteRunnerWorker.runSuite(SuiteRunnerWorker.java:52)
at org.testng.SuiteRunnerWorker.run(SuiteRunnerWorker.java:95)
at org.testng.TestNG.runSuitesSequentially(TestNG.java:1301)
at org.testng.TestNG.runSuitesLocally(TestNG.java:1228)
at org.testng.TestNG.runSuites(TestNG.java:1134)
at org.testng.TestNG.run(TestNG.java:1101)
at org.apache.maven.surefire.testng.TestNGExecutor.run(TestNGExecutor.java:155)
at org.apache.maven.surefire.testng.TestNGDirectoryTestSuite.executeSingleClass(TestNGDirectoryTestSuite.java:102)
at org.apache.maven.surefire.testng.TestNGDirectoryTestSuite.execute(TestNGDirectoryTestSuite.java:91)
at org.apache.maven.surefire.testng.TestNGProvider.invoke(TestNGProvider.java:137)
at org.apache.maven.surefire.booter.ForkedBooter.runSuitesInProcess(ForkedBooter.java:385)
at org.apache.maven.surefire.booter.ForkedBooter.execute(ForkedBooter.java:162)
at org.apache.maven.surefire.booter.ForkedBooter.run(ForkedBooter.java:507)
at org.apache.maven.surefire.booter.ForkedBooter.main(ForkedBooter.java:495)
]]>
            </full-stacktrace>
          </exception> <!-- java.lang.Throwable -->
          <reporter-output>
          </reporter-output>
        </test-method> <!-- submitBookingWithoutFillingInMandatoryFields -->
        <test-method is-config="true" signature="tearDown()[pri:0, instance:tests.TestFinalizeBooking@50a7bc6e]" started-at="2024-02-11T20:29:50 CET" name="tearDown" finished-at="2024-02-11T20:29:50 CET" duration-ms="139" status="PASS">
          <reporter-output>
          </reporter-output>
        </test-method> <!-- tearDown -->
      </class> <!-- tests.TestFinalizeBooking -->
    </test> <!-- Surefire test -->
  </suite> <!-- Surefire suite -->
</testng-results>
